c:\users\konra\desktop\uni\2 semestr\matematycznepodstawygrafikikomputerowej\skwarczynski\moje\mpgk\mpgk\zadaniampgk\debug\vc142.pdb
c:\users\konra\desktop\uni\2 semestr\matematycznepodstawygrafikikomputerowej\skwarczynski\moje\mpgk\mpgk\zadaniampgk\debug\vc142.idb
c:\users\konra\desktop\uni\2 semestr\matematycznepodstawygrafikikomputerowej\skwarczynski\moje\mpgk\mpgk\zadaniampgk\debug\source.obj
c:\users\konra\desktop\uni\2 semestr\matematycznepodstawygrafikikomputerowej\skwarczynski\moje\mpgk\mpgk\zadaniampgk\debug\source.obj.enc
c:\users\konra\desktop\uni\2 semestr\matematycznepodstawygrafikikomputerowej\skwarczynski\moje\mpgk\mpgk\debug\zadaniampgk.pdb
c:\users\konra\desktop\uni\2 semestr\matematycznepodstawygrafikikomputerowej\skwarczynski\moje\mpgk\mpgk\zadaniampgk\debug\zadaniampgk.tlog\cl.command.1.tlog
c:\users\konra\desktop\uni\2 semestr\matematycznepodstawygrafikikomputerowej\skwarczynski\moje\mpgk\mpgk\zadaniampgk\debug\zadaniampgk.tlog\cl.read.1.tlog
c:\users\konra\desktop\uni\2 semestr\matematycznepodstawygrafikikomputerowej\skwarczynski\moje\mpgk\mpgk\zadaniampgk\debug\zadaniampgk.tlog\cl.write.1.tlog
c:\users\konra\desktop\uni\2 semestr\matematycznepodstawygrafikikomputerowej\skwarczynski\moje\mpgk\mpgk\zadaniampgk\debug\zadaniampgk.tlog\link-cvtres.read.1.tlog
c:\users\konra\desktop\uni\2 semestr\matematycznepodstawygrafikikomputerowej\skwarczynski\moje\mpgk\mpgk\zadaniampgk\debug\zadaniampgk.tlog\link-cvtres.write.1.tlog
c:\users\konra\desktop\uni\2 semestr\matematycznepodstawygrafikikomputerowej\skwarczynski\moje\mpgk\mpgk\zadaniampgk\debug\zadaniampgk.tlog\link-rc.read.1.tlog
c:\users\konra\desktop\uni\2 semestr\matematycznepodstawygrafikikomputerowej\skwarczynski\moje\mpgk\mpgk\zadaniampgk\debug\zadaniampgk.tlog\link-rc.write.1.tlog
c:\users\konra\desktop\uni\2 semestr\matematycznepodstawygrafikikomputerowej\skwarczynski\moje\mpgk\mpgk\zadaniampgk\debug\zadaniampgk.tlog\link.73560-cvtres.read.1.tlog
c:\users\konra\desktop\uni\2 semestr\matematycznepodstawygrafikikomputerowej\skwarczynski\moje\mpgk\mpgk\zadaniampgk\debug\zadaniampgk.tlog\link.73560-cvtres.write.1.tlog
c:\users\konra\desktop\uni\2 semestr\matematycznepodstawygrafikikomputerowej\skwarczynski\moje\mpgk\mpgk\zadaniampgk\debug\zadaniampgk.tlog\link.73560-rc.read.1.tlog
c:\users\konra\desktop\uni\2 semestr\matematycznepodstawygrafikikomputerowej\skwarczynski\moje\mpgk\mpgk\zadaniampgk\debug\zadaniampgk.tlog\link.73560-rc.write.1.tlog
c:\users\konra\desktop\uni\2 semestr\matematycznepodstawygrafikikomputerowej\skwarczynski\moje\mpgk\mpgk\zadaniampgk\debug\zadaniampgk.tlog\link.73560.read.1.tlog
c:\users\konra\desktop\uni\2 semestr\matematycznepodstawygrafikikomputerowej\skwarczynski\moje\mpgk\mpgk\zadaniampgk\debug\zadaniampgk.tlog\link.73560.write.1.tlog
c:\users\konra\desktop\uni\2 semestr\matematycznepodstawygrafikikomputerowej\skwarczynski\moje\mpgk\mpgk\zadaniampgk\debug\zadaniampgk.tlog\link.command.1.tlog
c:\users\konra\desktop\uni\2 semestr\matematycznepodstawygrafikikomputerowej\skwarczynski\moje\mpgk\mpgk\zadaniampgk\debug\zadaniampgk.tlog\link.read.1.tlog
c:\users\konra\desktop\uni\2 semestr\matematycznepodstawygrafikikomputerowej\skwarczynski\moje\mpgk\mpgk\zadaniampgk\debug\zadaniampgk.tlog\link.write.1.tlog
